Connecting to database specified by database.yml
Starting the New Relic Agent.
NewRelic Agent Developer Mode enabled.
To view performance information, go to http://localhost:3000/newrelic
Installed New Relic Browser Monitoring middleware
  [1m[36m (47.1ms)[0m  [1mCREATE TABLE "schema_migrations" ("version" character varying(255) NOT NULL) [0m
  [1m[35m (70.4ms)[0m  CREATE UNIQUE INDEX "unique_schema_migrations" ON "schema_migrations" ("version")
  [1m[36m (0.6ms)[0m  [1mSELECT "schema_migrations"."version" FROM "schema_migrations" [0m
Migrating to CreateDoctors (20130105160426)
  [1m[35m (0.2ms)[0m  BEGIN
  [1m[36m (130.3ms)[0m  [1mCREATE TABLE "doctors" ("id" serial primary key, "email" character varying(255), "password_digest" character varying(255), "created_at" timestamp NOT NULL, "updated_at" timestamp NOT NULL) [0m
  [1m[35m (0.5ms)[0m  INSERT INTO "schema_migrations" ("version") VALUES ('20130105160426')
  [1m[36m (18.1ms)[0m  [1mCOMMIT[0m
Migrating to AddPracticeToDoctors (20130105162952)
  [1m[35m (0.3ms)[0m  BEGIN
  [1m[36m (0.8ms)[0m  [1mALTER TABLE "doctors" ADD COLUMN "practice" character varying(255)[0m
  [1m[35m (0.5ms)[0m  ALTER TABLE "doctors" ADD COLUMN "name" character varying(255)
  [1m[36m (0.4ms)[0m  [1mINSERT INTO "schema_migrations" ("version") VALUES ('20130105162952')[0m
  [1m[35m (13.3ms)[0m  COMMIT
Migrating to CreatePatients (20130105172357)
  [1m[36m (0.2ms)[0m  [1mBEGIN[0m
  [1m[35m (74.2ms)[0m  CREATE TABLE "patients" ("id" serial primary key, "doctor_id" integer, "identifier" character varying(255), "created_at" timestamp NOT NULL, "updated_at" timestamp NOT NULL) 
  [1m[36m (62.7ms)[0m  [1mCREATE INDEX "index_patients_on_doctor_id" ON "patients" ("doctor_id")[0m
  [1m[35m (0.2ms)[0m  INSERT INTO "schema_migrations" ("version") VALUES ('20130105172357')
  [1m[36m (18.1ms)[0m  [1mCOMMIT[0m
Migrating to CreateReadings (20130105181709)
  [1m[35m (0.2ms)[0m  BEGIN
  [1m[36m (54.5ms)[0m  [1mCREATE TABLE "readings" ("id" serial primary key, "systolic" integer, "diastolic" integer, "pulse" integer, "patient_id" integer, "created_at" timestamp NOT NULL, "updated_at" timestamp NOT NULL) [0m
  [1m[35m (53.5ms)[0m  CREATE INDEX "index_readings_on_patient_id" ON "readings" ("patient_id")
  [1m[36m (0.2ms)[0m  [1mINSERT INTO "schema_migrations" ("version") VALUES ('20130105181709')[0m
  [1m[35m (17.3ms)[0m  COMMIT
Migrating to AddArmsToReadings (20130105195355)
  [1m[36m (0.2ms)[0m  [1mBEGIN[0m
  [1m[35m (0.5ms)[0m  ALTER TABLE "readings" ADD COLUMN "arm" character varying(255)
  [1m[36m (0.3ms)[0m  [1mINSERT INTO "schema_migrations" ("version") VALUES ('20130105195355')[0m
  [1m[35m (4.9ms)[0m  COMMIT
Migrating to AddAuthTokenToDoctors (20130301180931)
  [1m[36m (0.2ms)[0m  [1mBEGIN[0m
  [1m[35m (0.5ms)[0m  ALTER TABLE "doctors" ADD COLUMN "auth_token" character varying(255)
  [1m[36m (0.3ms)[0m  [1mINSERT INTO "schema_migrations" ("version") VALUES ('20130301180931')[0m
  [1m[35m (5.1ms)[0m  COMMIT
Migrating to AddPasswordResetToDoctors (20130301183150)
  [1m[36m (0.1ms)[0m  [1mBEGIN[0m
  [1m[35m (0.8ms)[0m  ALTER TABLE "doctors" ADD COLUMN "password_reset_token" character varying(255)
  [1m[36m (0.5ms)[0m  [1mALTER TABLE "doctors" ADD COLUMN "password_reset_sent_at" timestamp[0m
  [1m[35m (0.4ms)[0m  INSERT INTO "schema_migrations" ("version") VALUES ('20130301183150')
  [1m[36m (9.5ms)[0m  [1mCOMMIT[0m
Migrating to AddTimeToReadings (20130320120333)
  [1m[35m (0.1ms)[0m  BEGIN
  [1m[36m (0.6ms)[0m  [1mALTER TABLE "readings" ADD COLUMN "time" time[0m
  [1m[35m (0.3ms)[0m  INSERT INTO "schema_migrations" ("version") VALUES ('20130320120333')
  [1m[36m (4.9ms)[0m  [1mCOMMIT[0m
Migrating to DeviseCreateAdminUsers (20130327002359)
  [1m[35m (0.1ms)[0m  BEGIN
  [1m[36m (122.1ms)[0m  [1mCREATE TABLE "admin_users" ("id" serial primary key, "email" character varying(255) DEFAULT '' NOT NULL, "encrypted_password" character varying(255) DEFAULT '' NOT NULL, "reset_password_token" character varying(255), "reset_password_sent_at" timestamp, "remember_created_at" timestamp, "sign_in_count" integer DEFAULT 0, "current_sign_in_at" timestamp, "last_sign_in_at" timestamp, "current_sign_in_ip" character varying(255), "last_sign_in_ip" character varying(255), "created_at" timestamp NOT NULL, "updated_at" timestamp NOT NULL) [0m
  [1m[35m (63.9ms)[0m  CREATE UNIQUE INDEX "index_admin_users_on_email" ON "admin_users" ("email")
  [1m[36m (42.5ms)[0m  [1mCREATE UNIQUE INDEX "index_admin_users_on_reset_password_token" ON "admin_users" ("reset_password_token")[0m
  [1m[35mAdminUser Exists (1.4ms)[0m  SELECT 1 AS one FROM "admin_users" WHERE "admin_users"."email" = 'admin@example.com' LIMIT 1
  [1m[36mSQL (4.1ms)[0m  [1mINSERT INTO "admin_users" ("created_at", "current_sign_in_at", "current_sign_in_ip", "email", "encrypted_password", "last_sign_in_at", "last_sign_in_ip", "remember_created_at", "reset_password_sent_at", "reset_password_token", "sign_in_count", "updated_at") VALUES ($1, $2, $3, $4, $5, $6, $7, $8, $9, $10, $11, $12) RETURNING "id"[0m  [["created_at", Tue, 28 May 2013 12:27:03 UTC +00:00], ["current_sign_in_at", nil], ["current_sign_in_ip", nil], ["email", "admin@example.com"], ["encrypted_password", "$2a$10$qptAo1kcUbuAmCb5J.HOLuwEVDJhFpjHIf8rVvvpkT.S19RDf/tLW"], ["last_sign_in_at", nil], ["last_sign_in_ip", nil], ["remember_created_at", nil], ["reset_password_sent_at", nil], ["reset_password_token", nil], ["sign_in_count", 0], ["updated_at", Tue, 28 May 2013 12:27:03 UTC +00:00]]
  [1m[35m (0.4ms)[0m  INSERT INTO "schema_migrations" ("version") VALUES ('20130327002359')
  [1m[36m (10.1ms)[0m  [1mCOMMIT[0m
Migrating to CreateAdminNotes (20130327002402)
  [1m[35m (0.3ms)[0m  BEGIN
  [1m[36m (113.2ms)[0m  [1mCREATE TABLE "admin_notes" ("id" serial primary key, "resource_id" character varying(255) NOT NULL, "resource_type" character varying(255) NOT NULL, "admin_user_id" integer, "admin_user_type" character varying(255), "body" text, "created_at" timestamp NOT NULL, "updated_at" timestamp NOT NULL) [0m
  [1m[35m (129.9ms)[0m  CREATE INDEX "index_admin_notes_on_resource_type_and_resource_id" ON "admin_notes" ("resource_type", "resource_id")
  [1m[36m (40.4ms)[0m  [1mCREATE INDEX "index_admin_notes_on_admin_user_type_and_admin_user_id" ON "admin_notes" ("admin_user_type", "admin_user_id")[0m
  [1m[35m (0.3ms)[0m  INSERT INTO "schema_migrations" ("version") VALUES ('20130327002402')
  [1m[36m (22.6ms)[0m  [1mCOMMIT[0m
Migrating to MoveAdminNotesToComments (20130327002403)
  [1m[35m (0.4ms)[0m  BEGIN
  [1m[36m (0.9ms)[0m  [1mDROP INDEX "index_admin_notes_on_admin_user_type_and_admin_user_id"[0m
  [1m[35m (0.6ms)[0m  ALTER TABLE "admin_notes" RENAME TO "active_admin_comments"
  [1m[36m (0.4ms)[0m  [1mALTER TABLE "admin_notes_id_seq" RENAME TO "active_admin_comments_id_seq"[0m
  [1m[35m (0.4ms)[0m  ALTER TABLE "active_admin_comments" RENAME COLUMN "admin_user_type" TO "author_type"
  [1m[36m (0.3ms)[0m  [1mALTER TABLE "active_admin_comments" RENAME COLUMN "admin_user_id" TO "author_id"[0m
  [1m[35m (0.5ms)[0m  ALTER TABLE "active_admin_comments" ADD COLUMN "namespace" character varying(255)
  [1m[36m (79.2ms)[0m  [1mCREATE INDEX "index_active_admin_comments_on_namespace" ON "active_admin_comments" ("namespace")[0m
  [1m[35m (63.4ms)[0m  CREATE INDEX "index_active_admin_comments_on_author_type_and_author_id" ON "active_admin_comments" ("author_type", "author_id")
  [1m[36m (0.7ms)[0m  [1mUPDATE active_admin_comments SET namespace='admin'[0m
  [1m[35m (0.4ms)[0m  INSERT INTO "schema_migrations" ("version") VALUES ('20130327002403')
  [1m[36m (21.0ms)[0m  [1mCOMMIT[0m
  [1m[35m (0.3ms)[0m  SELECT "schema_migrations"."version" FROM "schema_migrations" 
Connecting to database specified by database.yml
Starting the New Relic Agent.
NewRelic Agent Developer Mode enabled.
To view performance information, go to http://localhost:3000/newrelic
Installed New Relic Browser Monitoring middleware


Started GET "/assets/rails.png" for 127.0.0.1 at 2013-05-28 17:57:18 +0530
Served asset /rails.png - 404 Not Found (9ms)

ActionController::RoutingError (No route matches [GET] "/assets/rails.png"):
  actionpack (3.2.10) lib/action_dispatch/middleware/debug_exceptions.rb:21:in `call'
  actionpack (3.2.10) lib/action_dispatch/middleware/show_exceptions.rb:56:in `call'
  railties (3.2.10) lib/rails/rack/logger.rb:32:in `call_app'
  railties (3.2.10) lib/rails/rack/logger.rb:16:in `block in call'
  activesupport (3.2.10) lib/active_support/tagged_logging.rb:22:in `tagged'
  railties (3.2.10) lib/rails/rack/logger.rb:16:in `call'
  actionpack (3.2.10) lib/action_dispatch/middleware/request_id.rb:22:in `call'
  rack (1.4.1) lib/rack/methodoverride.rb:21:in `call'
  rack (1.4.1) lib/rack/runtime.rb:17:in `call'
  activesupport (3.2.10) lib/active_support/cache/strategy/local_cache.rb:72:in `call'
  rack (1.4.1) lib/rack/lock.rb:15:in `call'
  actionpack (3.2.10) lib/action_dispatch/middleware/static.rb:62:in `call'
  railties (3.2.10) lib/rails/engine.rb:479:in `call'
  railties (3.2.10) lib/rails/application.rb:223:in `call'
  rack (1.4.1) lib/rack/content_length.rb:14:in `call'
  railties (3.2.10) lib/rails/rack/log_tailer.rb:17:in `call'
  thin (1.5.0) lib/thin/connection.rb:81:in `block in pre_process'
  thin (1.5.0) lib/thin/connection.rb:79:in `catch'
  thin (1.5.0) lib/thin/connection.rb:79:in `pre_process'
  thin (1.5.0) lib/thin/connection.rb:54:in `process'
  thin (1.5.0) lib/thin/connection.rb:39:in `receive_data'
  eventmachine (1.0.0) lib/eventmachine.rb:187:in `run_machine'
  eventmachine (1.0.0) lib/eventmachine.rb:187:in `run'
  thin (1.5.0) lib/thin/backends/base.rb:63:in `start'
  thin (1.5.0) lib/thin/server.rb:159:in `start'
  rack (1.4.1) lib/rack/handler/thin.rb:13:in `run'
  rack (1.4.1) lib/rack/server.rb:265:in `start'
  railties (3.2.10) lib/rails/commands/server.rb:70:in `start'
  railties (3.2.10) lib/rails/commands.rb:55:in `block in <top (required)>'
  railties (3.2.10) lib/rails/commands.rb:50:in `tap'
  railties (3.2.10) lib/rails/commands.rb:50:in `<top (required)>'
  script/rails:6:in `require'
  script/rails:6:in `<main>'


  Rendered /home/sai/.rvm/gems/ruby-1.9.3-p429@bp/gems/actionpack-3.2.10/lib/action_dispatch/middleware/templates/rescues/routing_error.erb within rescues/layout (1.0ms)
Connecting to database specified by database.yml
Starting the New Relic Agent.
NewRelic Agent Developer Mode enabled.
To view performance information, go to http://localhost:3000/newrelic
Installed New Relic Browser Monitoring middleware


Started GET "/" for 127.0.0.1 at 2013-05-28 17:58:10 +0530
Processing by PagesController#home as HTML
  Rendered pages/home.html.haml within layouts/application (12.6ms)
Compiled jquery.ui.core.css  (1ms)  (pid 5495)
Compiled jquery.ui.theme.css  (11ms)  (pid 5495)
Compiled jquery.ui.datepicker.css  (82ms)  (pid 5495)
WARNING: box-shadow is deprecated and will be removed in the next major version release
         on line 7 of /home/sai/.rvm/gems/ruby-1.9.3-p429@bp/gems/bourbon-3.1.1/app/assets/stylesheets/_bourbon-deprecated-upcoming.scss, in `box-shadow'
         from line 6 of /home/sai/.rvm/gems/ruby-1.9.3-p429@bp/gems/activeadmin-0.5.1/app/assets/stylesheets/active_admin/mixins/_sections.css.scss, in `section-header'
         from line 16 of /home/sai/.rvm/gems/ruby-1.9.3-p429@bp/gems/activeadmin-0.5.1/app/assets/stylesheets/active_admin/_forms.css.scss
         from line 11 of /home/sai/.rvm/gems/ruby-1.9.3-p429@bp/gems/activeadmin-0.5.1/app/assets/stylesheets/active_admin/_base.css.scss
         from line 12 of /home/sai/MI/bp_at_home/app/assets/stylesheets/active_admin.css.scss

WARNING: box-shadow is deprecated and will be removed in the next major version release
         on line 7 of /home/sai/.rvm/gems/ruby-1.9.3-p429@bp/gems/bourbon-3.1.1/app/assets/stylesheets/_bourbon-deprecated-upcoming.scss, in `box-shadow'
         from line 24 of /home/sai/.rvm/gems/ruby-1.9.3-p429@bp/gems/activeadmin-0.5.1/app/assets/stylesheets/active_admin/mixins/_buttons.css.scss, in `default-button'
         from line 65 of /home/sai/.rvm/gems/ruby-1.9.3-p429@bp/gems/activeadmin-0.5.1/app/assets/stylesheets/active_admin/mixins/_buttons.css.scss, in `dark-button'
         from line 181 of /home/sai/.rvm/gems/ruby-1.9.3-p429@bp/gems/activeadmin-0.5.1/app/assets/stylesheets/active_admin/_forms.css.scss
         from line 11 of /home/sai/.rvm/gems/ruby-1.9.3-p429@bp/gems/activeadmin-0.5.1/app/assets/stylesheets/active_admin/_base.css.scss
         from line 12 of /home/sai/MI/bp_at_home/app/assets/stylesheets/active_admin.css.scss

WARNING: box-shadow is deprecated and will be removed in the next major version release
         on line 7 of /home/sai/.rvm/gems/ruby-1.9.3-p429@bp/gems/bourbon-3.1.1/app/assets/stylesheets/_bourbon-deprecated-upcoming.scss, in `box-shadow'
         from line 35 of /home/sai/.rvm/gems/ruby-1.9.3-p429@bp/gems/activeadmin-0.5.1/app/assets/stylesheets/active_admin/mixins/_buttons.css.scss, in `default-button'
         from line 65 of /home/sai/.rvm/gems/ruby-1.9.3-p429@bp/gems/activeadmin-0.5.1/app/assets/stylesheets/active_admin/mixins/_buttons.css.scss, in `dark-button'
         from line 181 of /home/sai/.rvm/gems/ruby-1.9.3-p429@bp/gems/activeadmin-0.5.1/app/assets/stylesheets/active_admin/_forms.css.scss
         from line 11 of /home/sai/.rvm/gems/ruby-1.9.3-p429@bp/gems/activeadmin-0.5.1/app/assets/stylesheets/active_admin/_base.css.scss
         from line 12 of /home/sai/MI/bp_at_home/app/assets/stylesheets/active_admin.css.scss

WARNING: box-shadow is deprecated and will be removed in the next major version release
         on line 7 of /home/sai/.rvm/gems/ruby-1.9.3-p429@bp/gems/bourbon-3.1.1/app/assets/stylesheets/_bourbon-deprecated-upcoming.scss, in `box-shadow'
         from line 44 of /home/sai/.rvm/gems/ruby-1.9.3-p429@bp/gems/activeadmin-0.5.1/app/assets/stylesheets/active_admin/mixins/_buttons.css.scss, in `light-button'
         from line 197 of /home/sai/.rvm/gems/ruby-1.9.3-p429@bp/gems/activeadmin-0.5.1/app/assets/stylesheets/active_admin/_forms.css.scss
         from line 11 of /home/sai/.rvm/gems/ruby-1.9.3-p429@bp/gems/activeadmin-0.5.1/app/assets/stylesheets/active_admin/_base.css.scss
         from line 12 of /home/sai/MI/bp_at_home/app/assets/stylesheets/active_admin.css.scss

WARNING: box-shadow is deprecated and will be removed in the next major version release
         on line 7 of /home/sai/.rvm/gems/ruby-1.9.3-p429@bp/gems/bourbon-3.1.1/app/assets/stylesheets/_bourbon-deprecated-upcoming.scss, in `box-shadow'
         from line 56 of /home/sai/.rvm/gems/ruby-1.9.3-p429@bp/gems/activeadmin-0.5.1/app/assets/stylesheets/active_admin/mixins/_buttons.css.scss, in `light-button'
         from line 197 of /home/sai/.rvm/gems/ruby-1.9.3-p429@bp/gems/activeadmin-0.5.1/app/assets/stylesheets/active_admin/_forms.css.scss
         from line 11 of /home/sai/.rvm/gems/ruby-1.9.3-p429@bp/gems/activeadmin-0.5.1/app/assets/stylesheets/active_admin/_base.css.scss
         from line 12 of /home/sai/MI/bp_at_home/app/assets/stylesheets/active_admin.css.scss

WARNING: box-shadow is deprecated and will be removed in the next major version release
         on line 7 of /home/sai/.rvm/gems/ruby-1.9.3-p429@bp/gems/bourbon-3.1.1/app/assets/stylesheets/_bourbon-deprecated-upcoming.scss, in `box-shadow'
         from line 44 of /home/sai/.rvm/gems/ruby-1.9.3-p429@bp/gems/activeadmin-0.5.1/app/assets/stylesheets/active_admin/mixins/_buttons.css.scss, in `light-button'
         from line 279 of /home/sai/.rvm/gems/ruby-1.9.3-p429@bp/gems/activeadmin-0.5.1/app/assets/stylesheets/active_admin/_forms.css.scss
         from line 11 of /home/sai/.rvm/gems/ruby-1.9.3-p429@bp/gems/activeadmin-0.5.1/app/assets/stylesheets/active_admin/_base.css.scss
         from line 12 of /home/sai/MI/bp_at_home/app/assets/stylesheets/active_admin.css.scss

WARNING: box-shadow is deprecated and will be removed in the next major version release
         on line 7 of /home/sai/.rvm/gems/ruby-1.9.3-p429@bp/gems/bourbon-3.1.1/app/assets/stylesheets/_bourbon-deprecated-upcoming.scss, in `box-shadow'
         from line 56 of /home/sai/.rvm/gems/ruby-1.9.3-p429@bp/gems/activeadmin-0.5.1/app/assets/stylesheets/active_admin/mixins/_buttons.css.scss, in `light-button'
         from line 279 of /home/sai/.rvm/gems/ruby-1.9.3-p429@bp/gems/activeadmin-0.5.1/app/assets/stylesheets/active_admin/_forms.css.scss
         from line 11 of /home/sai/.rvm/gems/ruby-1.9.3-p429@bp/gems/activeadmin-0.5.1/app/assets/stylesheets/active_admin/_base.css.scss
         from line 12 of /home/sai/MI/bp_at_home/app/assets/stylesheets/active_admin.css.scss

WARNING: box-shadow is deprecated and will be removed in the next major version release
         on line 7 of /home/sai/.rvm/gems/ruby-1.9.3-p429@bp/gems/bourbon-3.1.1/app/assets/stylesheets/_bourbon-deprecated-upcoming.scss, in `box-shadow'
         from line 6 of /home/sai/.rvm/gems/ruby-1.9.3-p429@bp/gems/activeadmin-0.5.1/app/assets/stylesheets/active_admin/components/_popovers.css.scss
         from line 15 of /home/sai/.rvm/gems/ruby-1.9.3-p429@bp/gems/activeadmin-0.5.1/app/assets/stylesheets/active_admin/_base.css.scss
         from line 12 of /home/sai/MI/bp_at_home/app/assets/stylesheets/active_admin.css.scss

WARNING: box-shadow is deprecated and will be removed in the next major version release
         on line 7 of /home/sai/.rvm/gems/ruby-1.9.3-p429@bp/gems/bourbon-3.1.1/app/assets/stylesheets/_bourbon-deprecated-upcoming.scss, in `box-shadow'
         from line 62 of /home/sai/.rvm/gems/ruby-1.9.3-p429@bp/gems/activeadmin-0.5.1/app/assets/stylesheets/active_admin/components/_popovers.css.scss
         from line 15 of /home/sai/.rvm/gems/ruby-1.9.3-p429@bp/gems/activeadmin-0.5.1/app/assets/stylesheets/active_admin/_base.css.scss
         from line 12 of /home/sai/MI/bp_at_home/app/assets/stylesheets/active_admin.css.scss

WARNING: box-shadow is deprecated and will be removed in the next major version release
         on line 7 of /home/sai/.rvm/gems/ruby-1.9.3-p429@bp/gems/bourbon-3.1.1/app/assets/stylesheets/_bourbon-deprecated-upcoming.scss, in `box-shadow'
         from line 6 of /home/sai/.rvm/gems/ruby-1.9.3-p429@bp/gems/activeadmin-0.5.1/app/assets/stylesheets/active_admin/mixins/_sections.css.scss, in `section-header'
         from line 18 of /home/sai/.rvm/gems/ruby-1.9.3-p429@bp/gems/activeadmin-0.5.1/app/assets/stylesheets/active_admin/components/_tables.css.scss
         from line 16 of /home/sai/.rvm/gems/ruby-1.9.3-p429@bp/gems/activeadmin-0.5.1/app/assets/stylesheets/active_admin/_base.css.scss
         from line 12 of /home/sai/MI/bp_at_home/app/assets/stylesheets/active_admin.css.scss

WARNING: box-shadow is deprecated and will be removed in the next major version release
         on line 7 of /home/sai/.rvm/gems/ruby-1.9.3-p429@bp/gems/bourbon-3.1.1/app/assets/stylesheets/_bourbon-deprecated-upcoming.scss, in `box-shadow'
         from line 44 of /home/sai/.rvm/gems/ruby-1.9.3-p429@bp/gems/activeadmin-0.5.1/app/assets/stylesheets/active_admin/mixins/_buttons.css.scss, in `light-button'
         from line 5 of /home/sai/.rvm/gems/ruby-1.9.3-p429@bp/gems/activeadmin-0.5.1/app/assets/stylesheets/active_admin/components/_dropdown_menu.scss
         from line 20 of /home/sai/.rvm/gems/ruby-1.9.3-p429@bp/gems/activeadmin-0.5.1/app/assets/stylesheets/active_admin/_base.css.scss
         from line 12 of /home/sai/MI/bp_at_home/app/assets/stylesheets/active_admin.css.scss

WARNING: box-shadow is deprecated and will be removed in the next major version release
         on line 7 of /home/sai/.rvm/gems/ruby-1.9.3-p429@bp/gems/bourbon-3.1.1/app/assets/stylesheets/_bourbon-deprecated-upcoming.scss, in `box-shadow'
         from line 56 of /home/sai/.rvm/gems/ruby-1.9.3-p429@bp/gems/activeadmin-0.5.1/app/assets/stylesheets/active_admin/mixins/_buttons.css.scss, in `light-button'
         from line 5 of /home/sai/.rvm/gems/ruby-1.9.3-p429@bp/gems/activeadmin-0.5.1/app/assets/stylesheets/active_admin/components/_dropdown_menu.scss
         from line 20 of /home/sai/.rvm/gems/ruby-1.9.3-p429@bp/gems/activeadmin-0.5.1/app/assets/stylesheets/active_admin/_base.css.scss
         from line 12 of /home/sai/MI/bp_at_home/app/assets/stylesheets/active_admin.css.scss

WARNING: box-shadow is deprecated and will be removed in the next major version release
         on line 7 of /home/sai/.rvm/gems/ruby-1.9.3-p429@bp/gems/bourbon-3.1.1/app/assets/stylesheets/_bourbon-deprecated-upcoming.scss, in `box-shadow'
         from line 83 of /home/sai/.rvm/gems/ruby-1.9.3-p429@bp/gems/activeadmin-0.5.1/app/assets/stylesheets/active_admin/components/_dropdown_menu.scss
         from line 20 of /home/sai/.rvm/gems/ruby-1.9.3-p429@bp/gems/activeadmin-0.5.1/app/assets/stylesheets/active_admin/_base.css.scss
         from line 12 of /home/sai/MI/bp_at_home/app/assets/stylesheets/active_admin.css.scss

WARNING: box-shadow is deprecated and will be removed in the next major version release
         on line 7 of /home/sai/.rvm/gems/ruby-1.9.3-p429@bp/gems/bourbon-3.1.1/app/assets/stylesheets/_bourbon-deprecated-upcoming.scss, in `box-shadow'
         from line 96 of /home/sai/.rvm/gems/ruby-1.9.3-p429@bp/gems/activeadmin-0.5.1/app/assets/stylesheets/active_admin/components/_dropdown_menu.scss
         from line 20 of /home/sai/.rvm/gems/ruby-1.9.3-p429@bp/gems/activeadmin-0.5.1/app/assets/stylesheets/active_admin/_base.css.scss
         from line 12 of /home/sai/MI/bp_at_home/app/assets/stylesheets/active_admin.css.scss

WARNING: box-shadow is deprecated and will be removed in the next major version release
         on line 7 of /home/sai/.rvm/gems/ruby-1.9.3-p429@bp/gems/bourbon-3.1.1/app/assets/stylesheets/_bourbon-deprecated-upcoming.scss, in `box-shadow'
         from line 24 of /home/sai/.rvm/gems/ruby-1.9.3-p429@bp/gems/activeadmin-0.5.1/app/assets/stylesheets/active_admin/mixins/_buttons.css.scss, in `default-button'
         from line 65 of /home/sai/.rvm/gems/ruby-1.9.3-p429@bp/gems/activeadmin-0.5.1/app/assets/stylesheets/active_admin/mixins/_buttons.css.scss, in `dark-button'
         from line 11 of /home/sai/.rvm/gems/ruby-1.9.3-p429@bp/gems/activeadmin-0.5.1/app/assets/stylesheets/active_admin/components/_buttons.scss
         from line 21 of /home/sai/.rvm/gems/ruby-1.9.3-p429@bp/gems/activeadmin-0.5.1/app/assets/stylesheets/active_admin/_base.css.scss
         from line 12 of /home/sai/MI/bp_at_home/app/assets/stylesheets/active_admin.css.scss

WARNING: box-shadow is deprecated and will be removed in the next major version release
         on line 7 of /home/sai/.rvm/gems/ruby-1.9.3-p429@bp/gems/bourbon-3.1.1/app/assets/stylesheets/_bourbon-deprecated-upcoming.scss, in `box-shadow'
         from line 35 of /home/sai/.rvm/gems/ruby-1.9.3-p429@bp/gems/activeadmin-0.5.1/app/assets/stylesheets/active_admin/mixins/_buttons.css.scss, in `default-button'
         from line 65 of /home/sai/.rvm/gems/ruby-1.9.3-p429@bp/gems/activeadmin-0.5.1/app/assets/stylesheets/active_admin/mixins/_buttons.css.scss, in `dark-button'
         from line 11 of /home/sai/.rvm/gems/ruby-1.9.3-p429@bp/gems/activeadmin-0.5.1/app/assets/stylesheets/active_admin/components/_buttons.scss
         from line 21 of /home/sai/.rvm/gems/ruby-1.9.3-p429@bp/gems/activeadmin-0.5.1/app/assets/stylesheets/active_admin/_base.css.scss
         from line 12 of /home/sai/MI/bp_at_home/app/assets/stylesheets/active_admin.css.scss

WARNING: box-shadow is deprecated and will be removed in the next major version release
         on line 7 of /home/sai/.rvm/gems/ruby-1.9.3-p429@bp/gems/bourbon-3.1.1/app/assets/stylesheets/_bourbon-deprecated-upcoming.scss, in `box-shadow'
         from line 44 of /home/sai/.rvm/gems/ruby-1.9.3-p429@bp/gems/activeadmin-0.5.1/app/assets/stylesheets/active_admin/mixins/_buttons.css.scss, in `light-button'
         from line 11 of /home/sai/.rvm/gems/ruby-1.9.3-p429@bp/gems/activeadmin-0.5.1/app/assets/stylesheets/active_admin/components/_pagination.scss
         from line 24 of /home/sai/.rvm/gems/ruby-1.9.3-p429@bp/gems/activeadmin-0.5.1/app/assets/stylesheets/active_admin/_base.css.scss
         from line 12 of /home/sai/MI/bp_at_home/app/assets/stylesheets/active_admin.css.scss

WARNING: box-shadow is deprecated and will be removed in the next major version release
         on line 7 of /home/sai/.rvm/gems/ruby-1.9.3-p429@bp/gems/bourbon-3.1.1/app/assets/stylesheets/_bourbon-deprecated-upcoming.scss, in `box-shadow'
         from line 56 of /home/sai/.rvm/gems/ruby-1.9.3-p429@bp/gems/activeadmin-0.5.1/app/assets/stylesheets/active_admin/mixins/_buttons.css.scss, in `light-button'
         from line 11 of /home/sai/.rvm/gems/ruby-1.9.3-p429@bp/gems/activeadmin-0.5.1/app/assets/stylesheets/active_admin/components/_pagination.scss
         from line 24 of /home/sai/.rvm/gems/ruby-1.9.3-p429@bp/gems/activeadmin-0.5.1/app/assets/stylesheets/active_admin/_base.css.scss
         from line 12 of /home/sai/MI/bp_at_home/app/assets/stylesheets/active_admin.css.scss

WARNING: box-shadow is deprecated and will be removed in the next major version release
         on line 7 of /home/sai/.rvm/gems/ruby-1.9.3-p429@bp/gems/bourbon-3.1.1/app/assets/stylesheets/_bourbon-deprecated-upcoming.scss, in `box-shadow'
         from line 24 of /home/sai/.rvm/gems/ruby-1.9.3-p429@bp/gems/activeadmin-0.5.1/app/assets/stylesheets/active_admin/mixins/_buttons.css.scss, in `default-button'
         from line 15 of /home/sai/.rvm/gems/ruby-1.9.3-p429@bp/gems/activeadmin-0.5.1/app/assets/stylesheets/active_admin/components/_pagination.scss
         from line 24 of /home/sai/.rvm/gems/ruby-1.9.3-p429@bp/gems/activeadmin-0.5.1/app/assets/stylesheets/active_admin/_base.css.scss
         from line 12 of /home/sai/MI/bp_at_home/app/assets/stylesheets/active_admin.css.scss

WARNING: box-shadow is deprecated and will be removed in the next major version release
         on line 7 of /home/sai/.rvm/gems/ruby-1.9.3-p429@bp/gems/bourbon-3.1.1/app/assets/stylesheets/_bourbon-deprecated-upcoming.scss, in `box-shadow'
         from line 35 of /home/sai/.rvm/gems/ruby-1.9.3-p429@bp/gems/activeadmin-0.5.1/app/assets/stylesheets/active_admin/mixins/_buttons.css.scss, in `default-button'
         from line 15 of /home/sai/.rvm/gems/ruby-1.9.3-p429@bp/gems/activeadmin-0.5.1/app/assets/stylesheets/active_admin/components/_pagination.scss
         from line 24 of /home/sai/.rvm/gems/ruby-1.9.3-p429@bp/gems/activeadmin-0.5.1/app/assets/stylesheets/active_admin/_base.css.scss
         from line 12 of /home/sai/MI/bp_at_home/app/assets/stylesheets/active_admin.css.scss

WARNING: box-shadow is deprecated and will be removed in the next major version release
         on line 7 of /home/sai/.rvm/gems/ruby-1.9.3-p429@bp/gems/bourbon-3.1.1/app/assets/stylesheets/_bourbon-deprecated-upcoming.scss, in `box-shadow'
         from line 6 of /home/sai/.rvm/gems/ruby-1.9.3-p429@bp/gems/activeadmin-0.5.1/app/assets/stylesheets/active_admin/mixins/_sections.css.scss, in `section-header'
         from line 28 of /home/sai/.rvm/gems/ruby-1.9.3-p429@bp/gems/activeadmin-0.5.1/app/assets/stylesheets/active_admin/mixins/_sections.css.scss, in `section'
         from line 2 of /home/sai/.rvm/gems/ruby-1.9.3-p429@bp/gems/activeadmin-0.5.1/app/assets/stylesheets/active_admin/components/_panels.scss
         from line 25 of /home/sai/.rvm/gems/ruby-1.9.3-p429@bp/gems/activeadmin-0.5.1/app/assets/stylesheets/active_admin/_base.css.scss
         from line 12 of /home/sai/MI/bp_at_home/app/assets/stylesheets/active_admin.css.scss

WARNING: box-shadow is deprecated and will be removed in the next major version release
         on line 7 of /home/sai/.rvm/gems/ruby-1.9.3-p429@bp/gems/bourbon-3.1.1/app/assets/stylesheets/_bourbon-deprecated-upcoming.scss, in `box-shadow'
         from line 6 of /home/sai/.rvm/gems/ruby-1.9.3-p429@bp/gems/activeadmin-0.5.1/app/assets/stylesheets/active_admin/mixins/_sections.css.scss, in `section-header'
         from line 28 of /home/sai/.rvm/gems/ruby-1.9.3-p429@bp/gems/activeadmin-0.5.1/app/assets/stylesheets/active_admin/mixins/_sections.css.scss, in `section'
         from line 6 of /home/sai/.rvm/gems/ruby-1.9.3-p429@bp/gems/activeadmin-0.5.1/app/assets/stylesheets/active_admin/components/_panels.scss
         from line 25 of /home/sai/.rvm/gems/ruby-1.9.3-p429@bp/gems/activeadmin-0.5.1/app/assets/stylesheets/active_admin/_base.css.scss
         from line 12 of /home/sai/MI/bp_at_home/app/assets/stylesheets/active_admin.css.scss

WARNING: box-shadow is deprecated and will be removed in the next major version release
         on line 7 of /home/sai/.rvm/gems/ruby-1.9.3-p429@bp/gems/bourbon-3.1.1/app/assets/stylesheets/_bourbon-deprecated-upcoming.scss, in `box-shadow'
         from line 44 of /home/sai/.rvm/gems/ruby-1.9.3-p429@bp/gems/activeadmin-0.5.1/app/assets/stylesheets/active_admin/mixins/_buttons.css.scss, in `light-button'
         from line 25 of /home/sai/.rvm/gems/ruby-1.9.3-p429@bp/gems/activeadmin-0.5.1/app/assets/stylesheets/active_admin/components/_table_tools.css.scss
         from line 29 of /home/sai/.rvm/gems/ruby-1.9.3-p429@bp/gems/activeadmin-0.5.1/app/assets/stylesheets/active_admin/_base.css.scss
         from line 12 of /home/sai/MI/bp_at_home/app/assets/stylesheets/active_admin.css.scss

WARNING: box-shadow is deprecated and will be removed in the next major version release
         on line 7 of /home/sai/.rvm/gems/ruby-1.9.3-p429@bp/gems/bourbon-3.1.1/app/assets/stylesheets/_bourbon-deprecated-upcoming.scss, in `box-shadow'
         from line 56 of /home/sai/.rvm/gems/ruby-1.9.3-p429@bp/gems/activeadmin-0.5.1/app/assets/stylesheets/active_admin/mixins/_buttons.css.scss, in `light-button'
         from line 25 of /home/sai/.rvm/gems/ruby-1.9.3-p429@bp/gems/activeadmin-0.5.1/app/assets/stylesheets/active_admin/components/_table_tools.css.scss
         from line 29 of /home/sai/.rvm/gems/ruby-1.9.3-p429@bp/gems/activeadmin-0.5.1/app/assets/stylesheets/active_admin/_base.css.scss
         from line 12 of /home/sai/MI/bp_at_home/app/assets/stylesheets/active_admin.css.scss

WARNING: box-shadow is deprecated and will be removed in the next major version release
         on line 7 of /home/sai/.rvm/gems/ruby-1.9.3-p429@bp/gems/bourbon-3.1.1/app/assets/stylesheets/_bourbon-deprecated-upcoming.scss, in `box-shadow'
         from line 41 of /home/sai/.rvm/gems/ruby-1.9.3-p429@bp/gems/activeadmin-0.5.1/app/assets/stylesheets/active_admin/components/_table_tools.css.scss
         from line 29 of /home/sai/.rvm/gems/ruby-1.9.3-p429@bp/gems/activeadmin-0.5.1/app/assets/stylesheets/active_admin/_base.css.scss
         from line 12 of /home/sai/MI/bp_at_home/app/assets/stylesheets/active_admin.css.scss

WARNING: box-shadow is deprecated and will be removed in the next major version release
         on line 7 of /home/sai/.rvm/gems/ruby-1.9.3-p429@bp/gems/bourbon-3.1.1/app/assets/stylesheets/_bourbon-deprecated-upcoming.scss, in `box-shadow'
         from line 84 of /home/sai/.rvm/gems/ruby-1.9.3-p429@bp/gems/activeadmin-0.5.1/app/assets/stylesheets/active_admin/components/_table_tools.css.scss
         from line 29 of /home/sai/.rvm/gems/ruby-1.9.3-p429@bp/gems/activeadmin-0.5.1/app/assets/stylesheets/active_admin/_base.css.scss
         from line 12 of /home/sai/MI/bp_at_home/app/assets/stylesheets/active_admin.css.scss

WARNING: box-shadow is deprecated and will be removed in the next major version release
         on line 7 of /home/sai/.rvm/gems/ruby-1.9.3-p429@bp/gems/bourbon-3.1.1/app/assets/stylesheets/_bourbon-deprecated-upcoming.scss, in `box-shadow'
         from line 6 of /home/sai/.rvm/gems/ruby-1.9.3-p429@bp/gems/activeadmin-0.5.1/app/assets/stylesheets/active_admin/mixins/_sections.css.scss, in `section-header'
         from line 28 of /home/sai/.rvm/gems/ruby-1.9.3-p429@bp/gems/activeadmin-0.5.1/app/assets/stylesheets/active_admin/mixins/_sections.css.scss, in `section'
         from line 4 of /home/sai/.rvm/gems/ruby-1.9.3-p429@bp/gems/activeadmin-0.5.1/app/assets/stylesheets/active_admin/pages/_dashboard.scss
         from line 30 of /home/sai/.rvm/gems/ruby-1.9.3-p429@bp/gems/activeadmin-0.5.1/app/assets/stylesheets/active_admin/_base.css.scss
         from line 12 of /home/sai/MI/bp_at_home/app/assets/stylesheets/active_admin.css.scss

WARNING: box-shadow is deprecated and will be removed in the next major version release
         on line 7 of /home/sai/.rvm/gems/ruby-1.9.3-p429@bp/gems/bourbon-3.1.1/app/assets/stylesheets/_bourbon-deprecated-upcoming.scss, in `box-shadow'
         from line 6 of /home/sai/.rvm/gems/ruby-1.9.3-p429@bp/gems/activeadmin-0.5.1/app/assets/stylesheets/active_admin/mixins/_sections.css.scss, in `section-header'
         from line 15 of /home/sai/.rvm/gems/ruby-1.9.3-p429@bp/gems/activeadmin-0.5.1/app/assets/stylesheets/active_admin/pages/_logged_out.scss
         from line 31 of /home/sai/.rvm/gems/ruby-1.9.3-p429@bp/gems/activeadmin-0.5.1/app/assets/stylesheets/active_admin/_base.css.scss
         from line 12 of /home/sai/MI/bp_at_home/app/assets/stylesheets/active_admin.css.scss

WARNING: box-shadow is deprecated and will be removed in the next major version release
         on line 7 of /home/sai/.rvm/gems/ruby-1.9.3-p429@bp/gems/bourbon-3.1.1/app/assets/stylesheets/_bourbon-deprecated-upcoming.scss, in `box-shadow'
         from line 18 of /home/sai/.rvm/gems/ruby-1.9.3-p429@bp/gems/activeadmin-0.5.1/app/assets/stylesheets/active_admin/pages/_logged_out.scss
         from line 31 of /home/sai/.rvm/gems/ruby-1.9.3-p429@bp/gems/activeadmin-0.5.1/app/assets/stylesheets/active_admin/_base.css.scss
         from line 12 of /home/sai/MI/bp_at_home/app/assets/stylesheets/active_admin.css.scss

WARNING: box-shadow is deprecated and will be removed in the next major version release
         on line 7 of /home/sai/.rvm/gems/ruby-1.9.3-p429@bp/gems/bourbon-3.1.1/app/assets/stylesheets/_bourbon-deprecated-upcoming.scss, in `box-shadow'
         from line 6 of /home/sai/.rvm/gems/ruby-1.9.3-p429@bp/gems/activeadmin-0.5.1/app/assets/stylesheets/active_admin/mixins/_sections.css.scss, in `section-header'
         from line 2 of /home/sai/.rvm/gems/ruby-1.9.3-p429@bp/gems/activeadmin-0.5.1/app/assets/stylesheets/active_admin/structure/_title_bar.scss
         from line 34 of /home/sai/.rvm/gems/ruby-1.9.3-p429@bp/gems/activeadmin-0.5.1/app/assets/stylesheets/active_admin/_base.css.scss
         from line 12 of /home/sai/MI/bp_at_home/app/assets/stylesheets/active_admin.css.scss

WARNING: box-shadow is deprecated and will be removed in the next major version release
         on line 7 of /home/sai/.rvm/gems/ruby-1.9.3-p429@bp/gems/bourbon-3.1.1/app/assets/stylesheets/_bourbon-deprecated-upcoming.scss, in `box-shadow'
         from line 5 of /home/sai/.rvm/gems/ruby-1.9.3-p429@bp/gems/activeadmin-0.5.1/app/assets/stylesheets/active_admin/structure/_title_bar.scss
         from line 34 of /home/sai/.rvm/gems/ruby-1.9.3-p429@bp/gems/activeadmin-0.5.1/app/assets/stylesheets/active_admin/_base.css.scss
         from line 12 of /home/sai/MI/bp_at_home/app/assets/stylesheets/active_admin.css.scss

WARNING: box-shadow is deprecated and will be removed in the next major version release
         on line 7 of /home/sai/.rvm/gems/ruby-1.9.3-p429@bp/gems/bourbon-3.1.1/app/assets/stylesheets/_bourbon-deprecated-upcoming.scss, in `box-shadow'
         from line 44 of /home/sai/.rvm/gems/ruby-1.9.3-p429@bp/gems/activeadmin-0.5.1/app/assets/stylesheets/active_admin/mixins/_buttons.css.scss, in `light-button'
         from line 34 of /home/sai/.rvm/gems/ruby-1.9.3-p429@bp/gems/activeadmin-0.5.1/app/assets/stylesheets/active_admin/structure/_title_bar.scss
         from line 34 of /home/sai/.rvm/gems/ruby-1.9.3-p429@bp/gems/activeadmin-0.5.1/app/assets/stylesheets/active_admin/_base.css.scss
         from line 12 of /home/sai/MI/bp_at_home/app/assets/stylesheets/active_admin.css.scss

WARNING: box-shadow is deprecated and will be removed in the next major version release
         on line 7 of /home/sai/.rvm/gems/ruby-1.9.3-p429@bp/gems/bourbon-3.1.1/app/assets/stylesheets/_bourbon-deprecated-upcoming.scss, in `box-shadow'
         from line 56 of /home/sai/.rvm/gems/ruby-1.9.3-p429@bp/gems/activeadmin-0.5.1/app/assets/stylesheets/active_admin/mixins/_buttons.css.scss, in `light-button'
         from line 34 of /home/sai/.rvm/gems/ruby-1.9.3-p429@bp/gems/activeadmin-0.5.1/app/assets/stylesheets/active_admin/structure/_title_bar.scss
         from line 34 of /home/sai/.rvm/gems/ruby-1.9.3-p429@bp/gems/activeadmin-0.5.1/app/assets/stylesheets/active_admin/_base.css.scss
         from line 12 of /home/sai/MI/bp_at_home/app/assets/stylesheets/active_admin.css.scss

Compiled active_admin.css  (2800ms)  (pid 5495)
Compiled twitter-bootstrap-static/bootstrap.css  (115ms)  (pid 5495)
Compiled twitter-bootstrap-static/fontawesome.css  (18ms)  (pid 5495)
Compiled bootstrap_and_overrides.css  (159ms)  (pid 5495)
Compiled doctors.css  (1ms)  (pid 5495)
Compiled pages.css  (1ms)  (pid 5495)
Compiled password_resets.css  (1ms)  (pid 5495)
Compiled patients.css  (1ms)  (pid 5495)
Compiled readings.css  (6ms)  (pid 5495)
Compiled sessions.css  (1ms)  (pid 5495)
Compiled application.css  (3241ms)  (pid 5495)
Compiled jquery.js  (54ms)  (pid 5495)
Compiled jquery_ujs.js  (0ms)  (pid 5495)
Compiled jquery.ui.core.js  (2ms)  (pid 5495)
Compiled jquery.ui.datepicker.js  (57ms)  (pid 5495)
Compiled twitter/bootstrap/bootstrap-transition.js  (0ms)  (pid 5495)
Compiled twitter/bootstrap/bootstrap-alert.js  (0ms)  (pid 5495)
Compiled twitter/bootstrap/bootstrap-modal.js  (0ms)  (pid 5495)
Compiled twitter/bootstrap/bootstrap-dropdown.js  (0ms)  (pid 5495)
Compiled twitter/bootstrap/bootstrap-scrollspy.js  (0ms)  (pid 5495)
Compiled twitter/bootstrap/bootstrap-tab.js  (0ms)  (pid 5495)
Compiled twitter/bootstrap/bootstrap-tooltip.js  (0ms)  (pid 5495)
Compiled twitter/bootstrap/bootstrap-popover.js  (0ms)  (pid 5495)
Compiled twitter/bootstrap/bootstrap-button.js  (0ms)  (pid 5495)
Compiled twitter/bootstrap/bootstrap-collapse.js  (0ms)  (pid 5495)
Compiled twitter/bootstrap/bootstrap-carousel.js  (0ms)  (pid 5495)
Compiled twitter/bootstrap/bootstrap-typeahead.js  (0ms)  (pid 5495)
Compiled twitter/bootstrap/bootstrap-affix.js  (0ms)  (pid 5495)
Compiled twitter/bootstrap.js  (224ms)  (pid 5495)
Compiled raphael.js  (7ms)  (pid 5495)
Compiled morris.js  (0ms)  (pid 5495)
Compiled application.js  (453ms)  (pid 5495)
Completed 200 OK in 4062ms (Views: 4061.9ms | ActiveRecord: 0.0ms)


Started GET "/" for 127.0.0.1 at 2013-05-28 17:58:15 +0530
Processing by PagesController#home as */*
  Rendered pages/home.html.haml within layouts/application (11.6ms)
Completed 200 OK in 116ms (Views: 115.6ms | ActiveRecord: 0.0ms)


Started GET "/assets/application.css?body=1" for 127.0.0.1 at 2013-05-28 17:58:15 +0530
Served asset /application.css - 200 OK (48ms)


Started GET "/assets/jquery.ui.core.css?body=1" for 127.0.0.1 at 2013-05-28 17:58:15 +0530
Served asset /jquery.ui.core.css - 200 OK (3ms)


Started GET "/assets/jquery.ui.theme.css?body=1" for 127.0.0.1 at 2013-05-28 17:58:15 +0530
Served asset /jquery.ui.theme.css - 200 OK (4ms)


Started GET "/assets/jquery.ui.datepicker.css?body=1" for 127.0.0.1 at 2013-05-28 17:58:15 +0530
Served asset /jquery.ui.datepicker.css - 200 OK (6ms)


Started GET "/assets/active_admin.css?body=1" for 127.0.0.1 at 2013-05-28 17:58:15 +0530
Served asset /active_admin.css - 200 OK (65ms)


Started GET "/assets/twitter-bootstrap-static/bootstrap.css?body=1" for 127.0.0.1 at 2013-05-28 17:58:15 +0530
Served asset /twitter-bootstrap-static/bootstrap.css - 200 OK (5ms)


Started GET "/assets/twitter-bootstrap-static/fontawesome.css?body=1" for 127.0.0.1 at 2013-05-28 17:58:15 +0530
Served asset /twitter-bootstrap-static/fontawesome.css - 200 OK (4ms)


Started GET "/assets/bootstrap_and_overrides.css?body=1" for 127.0.0.1 at 2013-05-28 17:58:15 +0530
Served asset /bootstrap_and_overrides.css - 200 OK (9ms)


Started GET "/assets/doctors.css?body=1" for 127.0.0.1 at 2013-05-28 17:58:15 +0530
Served asset /doctors.css - 200 OK (2ms)


Started GET "/assets/pages.css?body=1" for 127.0.0.1 at 2013-05-28 17:58:15 +0530
Served asset /pages.css - 200 OK (2ms)


Started GET "/assets/password_resets.css?body=1" for 127.0.0.1 at 2013-05-28 17:58:15 +0530
Served asset /password_resets.css - 200 OK (2ms)


Started GET "/assets/patients.css?body=1" for 127.0.0.1 at 2013-05-28 17:58:15 +0530
Served asset /patients.css - 200 OK (2ms)


Started GET "/assets/sessions.css?body=1" for 127.0.0.1 at 2013-05-28 17:58:15 +0530
Served asset /sessions.css - 200 OK (1ms)


Started GET "/assets/readings.css?body=1" for 127.0.0.1 at 2013-05-28 17:58:15 +0530
Served asset /readings.css - 200 OK (2ms)


Started GET "/assets/twitter/bootstrap/bootstrap-transition.js?body=1" for 127.0.0.1 at 2013-05-28 17:58:15 +0530
Served asset /twitter/bootstrap/bootstrap-transition.js - 200 OK (4ms)


Started GET "/assets/jquery.js?body=1" for 127.0.0.1 at 2013-05-28 17:58:15 +0530
Served asset /jquery.js - 200 OK (6ms)


Started GET "/assets/jquery_ujs.js?body=1" for 127.0.0.1 at 2013-05-28 17:58:15 +0530
Served asset /jquery_ujs.js - 200 OK (5ms)


Started GET "/assets/jquery.ui.core.js?body=1" for 127.0.0.1 at 2013-05-28 17:58:15 +0530
Served asset /jquery.ui.core.js - 200 OK (5ms)


Started GET "/assets/jquery.ui.datepicker.js?body=1" for 127.0.0.1 at 2013-05-28 17:58:15 +0530
Served asset /jquery.ui.datepicker.js - 200 OK (56ms)


Started GET "/assets/twitter/bootstrap/bootstrap-alert.js?body=1" for 127.0.0.1 at 2013-05-28 17:58:15 +0530
Served asset /twitter/bootstrap/bootstrap-alert.js - 200 OK (4ms)


Started GET "/assets/twitter/bootstrap/bootstrap-modal.js?body=1" for 127.0.0.1 at 2013-05-28 17:58:15 +0530
Served asset /twitter/bootstrap/bootstrap-modal.js - 200 OK (4ms)


Started GET "/assets/twitter/bootstrap/bootstrap-dropdown.js?body=1" for 127.0.0.1 at 2013-05-28 17:58:15 +0530
Served asset /twitter/bootstrap/bootstrap-dropdown.js - 200 OK (4ms)


Started GET "/assets/twitter/bootstrap/bootstrap-scrollspy.js?body=1" for 127.0.0.1 at 2013-05-28 17:58:15 +0530
Served asset /twitter/bootstrap/bootstrap-scrollspy.js - 200 OK (4ms)


Started GET "/assets/twitter/bootstrap/bootstrap-tab.js?body=1" for 127.0.0.1 at 2013-05-28 17:58:15 +0530
Served asset /twitter/bootstrap/bootstrap-tab.js - 200 OK (4ms)


Started GET "/assets/twitter/bootstrap/bootstrap-button.js?body=1" for 127.0.0.1 at 2013-05-28 17:58:15 +0530
Served asset /twitter/bootstrap/bootstrap-button.js - 200 OK (4ms)


Started GET "/assets/twitter/bootstrap/bootstrap-popover.js?body=1" for 127.0.0.1 at 2013-05-28 17:58:15 +0530
Served asset /twitter/bootstrap/bootstrap-popover.js - 200 OK (4ms)


Started GET "/assets/twitter/bootstrap/bootstrap-tooltip.js?body=1" for 127.0.0.1 at 2013-05-28 17:58:15 +0530
Served asset /twitter/bootstrap/bootstrap-tooltip.js - 200 OK (4ms)


Started GET "/assets/twitter/bootstrap/bootstrap-collapse.js?body=1" for 127.0.0.1 at 2013-05-28 17:58:15 +0530
Served asset /twitter/bootstrap/bootstrap-collapse.js - 200 OK (5ms)


Started GET "/assets/twitter/bootstrap/bootstrap-carousel.js?body=1" for 127.0.0.1 at 2013-05-28 17:58:15 +0530
Served asset /twitter/bootstrap/bootstrap-carousel.js - 200 OK (4ms)


Started GET "/assets/twitter/bootstrap/bootstrap-typeahead.js?body=1" for 127.0.0.1 at 2013-05-28 17:58:15 +0530
Served asset /twitter/bootstrap/bootstrap-typeahead.js - 200 OK (7ms)


Started GET "/assets/raphael.js?body=1" for 127.0.0.1 at 2013-05-28 17:58:15 +0530
Served asset /raphael.js - 200 OK (4ms)


Started GET "/assets/twitter/bootstrap/bootstrap-affix.js?body=1" for 127.0.0.1 at 2013-05-28 17:58:15 +0530
Served asset /twitter/bootstrap/bootstrap-affix.js - 200 OK (4ms)


Started GET "/assets/twitter/bootstrap.js?body=1" for 127.0.0.1 at 2013-05-28 17:58:15 +0530
Served asset /twitter/bootstrap.js - 304 Not Modified (28ms)


Started GET "/assets/morris.js?body=1" for 127.0.0.1 at 2013-05-28 17:58:15 +0530
Served asset /morris.js - 200 OK (1ms)


Started GET "/assets/application.js?body=1" for 127.0.0.1 at 2013-05-28 17:58:15 +0530
Served asset /application.js - 200 OK (85ms)


Started GET "/assets/preview.png" for 127.0.0.1 at 2013-05-28 17:58:16 +0530
Served asset /preview.png - 200 OK (6ms)


Started GET "/assets/fontawesome-webfont.woff" for 127.0.0.1 at 2013-05-28 17:58:16 +0530
Served asset /fontawesome-webfont.woff - 200 OK (7ms)


Started GET "/" for 127.0.0.1 at 2013-05-28 17:58:26 +0530
Processing by PagesController#home as HTML
  Rendered pages/home.html.haml within layouts/application (4.2ms)
Completed 200 OK in 52ms (Views: 51.5ms | ActiveRecord: 0.0ms)


Started GET "/" for 127.0.0.1 at 2013-05-28 17:58:26 +0530
Processing by PagesController#home as */*
  Rendered pages/home.html.haml within layouts/application (4.1ms)
Completed 200 OK in 120ms (Views: 119.2ms | ActiveRecord: 0.0ms)


Started GET "/assets/jquery.ui.theme.css?body=1" for 127.0.0.1 at 2013-05-28 17:58:26 +0530
Served asset /jquery.ui.theme.css - 304 Not Modified (0ms)


Started GET "/assets/jquery.ui.core.css?body=1" for 127.0.0.1 at 2013-05-28 17:58:26 +0530
Served asset /jquery.ui.core.css - 304 Not Modified (0ms)


Started GET "/assets/application.css?body=1" for 127.0.0.1 at 2013-05-28 17:58:26 +0530
Served asset /application.css - 304 Not Modified (16ms)


Started GET "/assets/jquery.ui.datepicker.css?body=1" for 127.0.0.1 at 2013-05-28 17:58:26 +0530
Served asset /jquery.ui.datepicker.css - 304 Not Modified (0ms)


Started GET "/assets/active_admin.css?body=1" for 127.0.0.1 at 2013-05-28 17:58:26 +0530
Served asset /active_admin.css - 304 Not Modified (61ms)


Started GET "/assets/twitter-bootstrap-static/bootstrap.css?body=1" for 127.0.0.1 at 2013-05-28 17:58:26 +0530
Served asset /twitter-bootstrap-static/bootstrap.css - 304 Not Modified (0ms)


Started GET "/assets/twitter-bootstrap-static/fontawesome.css?body=1" for 127.0.0.1 at 2013-05-28 17:58:26 +0530
Served asset /twitter-bootstrap-static/fontawesome.css - 304 Not Modified (0ms)


Started GET "/assets/bootstrap_and_overrides.css?body=1" for 127.0.0.1 at 2013-05-28 17:58:26 +0530
Served asset /bootstrap_and_overrides.css - 304 Not Modified (1ms)


Started GET "/assets/doctors.css?body=1" for 127.0.0.1 at 2013-05-28 17:58:26 +0530
Served asset /doctors.css - 304 Not Modified (0ms)


Started GET "/assets/pages.css?body=1" for 127.0.0.1 at 2013-05-28 17:58:26 +0530
Served asset /pages.css - 304 Not Modified (0ms)


Started GET "/assets/password_resets.css?body=1" for 127.0.0.1 at 2013-05-28 17:58:26 +0530
Served asset /password_resets.css - 304 Not Modified (0ms)


Started GET "/assets/patients.css?body=1" for 127.0.0.1 at 2013-05-28 17:58:26 +0530
Served asset /patients.css - 304 Not Modified (0ms)


Started GET "/assets/readings.css?body=1" for 127.0.0.1 at 2013-05-28 17:58:26 +0530
Served asset /readings.css - 304 Not Modified (0ms)


Started GET "/assets/sessions.css?body=1" for 127.0.0.1 at 2013-05-28 17:58:26 +0530
Served asset /sessions.css - 304 Not Modified (0ms)


Started GET "/assets/jquery.js?body=1" for 127.0.0.1 at 2013-05-28 17:58:26 +0530
Served asset /jquery.js - 304 Not Modified (1ms)


Started GET "/assets/jquery_ujs.js?body=1" for 127.0.0.1 at 2013-05-28 17:58:26 +0530
Served asset /jquery_ujs.js - 304 Not Modified (0ms)


Started GET "/assets/jquery.ui.core.js?body=1" for 127.0.0.1 at 2013-05-28 17:58:26 +0530
Served asset /jquery.ui.core.js - 304 Not Modified (1ms)


Started GET "/assets/jquery.ui.datepicker.js?body=1" for 127.0.0.1 at 2013-05-28 17:58:26 +0530
Served asset /jquery.ui.datepicker.js - 304 Not Modified (1ms)


Started GET "/assets/twitter/bootstrap/bootstrap-transition.js?body=1" for 127.0.0.1 at 2013-05-28 17:58:26 +0530
Served asset /twitter/bootstrap/bootstrap-transition.js - 304 Not Modified (0ms)


Started GET "/assets/twitter/bootstrap/bootstrap-alert.js?body=1" for 127.0.0.1 at 2013-05-28 17:58:26 +0530
Served asset /twitter/bootstrap/bootstrap-alert.js - 304 Not Modified (0ms)


Started GET "/assets/twitter/bootstrap/bootstrap-modal.js?body=1" for 127.0.0.1 at 2013-05-28 17:58:26 +0530
Served asset /twitter/bootstrap/bootstrap-modal.js - 304 Not Modified (0ms)


Started GET "/assets/twitter/bootstrap/bootstrap-dropdown.js?body=1" for 127.0.0.1 at 2013-05-28 17:58:27 +0530
Served asset /twitter/bootstrap/bootstrap-dropdown.js - 304 Not Modified (0ms)


Started GET "/assets/twitter/bootstrap/bootstrap-scrollspy.js?body=1" for 127.0.0.1 at 2013-05-28 17:58:27 +0530
Served asset /twitter/bootstrap/bootstrap-scrollspy.js - 304 Not Modified (0ms)


Started GET "/assets/twitter/bootstrap/bootstrap-tab.js?body=1" for 127.0.0.1 at 2013-05-28 17:58:27 +0530
Served asset /twitter/bootstrap/bootstrap-tab.js - 304 Not Modified (0ms)


Started GET "/assets/twitter/bootstrap/bootstrap-tooltip.js?body=1" for 127.0.0.1 at 2013-05-28 17:58:27 +0530
Served asset /twitter/bootstrap/bootstrap-tooltip.js - 304 Not Modified (0ms)


Started GET "/assets/twitter/bootstrap/bootstrap-popover.js?body=1" for 127.0.0.1 at 2013-05-28 17:58:27 +0530
Served asset /twitter/bootstrap/bootstrap-popover.js - 304 Not Modified (0ms)


Started GET "/assets/twitter/bootstrap/bootstrap-button.js?body=1" for 127.0.0.1 at 2013-05-28 17:58:27 +0530
Served asset /twitter/bootstrap/bootstrap-button.js - 304 Not Modified (0ms)


Started GET "/assets/twitter/bootstrap/bootstrap-collapse.js?body=1" for 127.0.0.1 at 2013-05-28 17:58:27 +0530
Served asset /twitter/bootstrap/bootstrap-collapse.js - 304 Not Modified (0ms)


Started GET "/assets/twitter/bootstrap/bootstrap-carousel.js?body=1" for 127.0.0.1 at 2013-05-28 17:58:27 +0530
Served asset /twitter/bootstrap/bootstrap-carousel.js - 304 Not Modified (0ms)


Started GET "/assets/twitter/bootstrap/bootstrap-typeahead.js?body=1" for 127.0.0.1 at 2013-05-28 17:58:27 +0530
Served asset /twitter/bootstrap/bootstrap-typeahead.js - 304 Not Modified (0ms)


Started GET "/assets/twitter/bootstrap/bootstrap-affix.js?body=1" for 127.0.0.1 at 2013-05-28 17:58:27 +0530
Served asset /twitter/bootstrap/bootstrap-affix.js - 304 Not Modified (0ms)


Started GET "/assets/twitter/bootstrap.js?body=1" for 127.0.0.1 at 2013-05-28 17:58:27 +0530
Served asset /twitter/bootstrap.js - 304 Not Modified (2ms)


Started GET "/assets/raphael.js?body=1" for 127.0.0.1 at 2013-05-28 17:58:27 +0530
Served asset /raphael.js - 304 Not Modified (0ms)


Started GET "/assets/morris.js?body=1" for 127.0.0.1 at 2013-05-28 17:58:27 +0530
Served asset /morris.js - 304 Not Modified (0ms)


Started GET "/assets/application.js?body=1" for 127.0.0.1 at 2013-05-28 17:58:27 +0530
Served asset /application.js - 304 Not Modified (5ms)


Started GET "/assets/preview.png" for 127.0.0.1 at 2013-05-28 17:58:27 +0530
Served asset /preview.png - 304 Not Modified (0ms)


Started GET "/assets/fontawesome-webfont.woff" for 127.0.0.1 at 2013-05-28 17:58:27 +0530
Served asset /fontawesome-webfont.woff - 304 Not Modified (0ms)


Started GET "/" for 127.0.0.1 at 2013-05-28 17:58:32 +0530
Processing by PagesController#home as HTML
  Rendered pages/home.html.haml within layouts/application (3.9ms)
Completed 200 OK in 103ms (Views: 102.7ms | ActiveRecord: 0.0ms)


Started GET "/" for 127.0.0.1 at 2013-05-28 17:58:32 +0530
Processing by PagesController#home as */*
  Rendered pages/home.html.haml within layouts/application (4.8ms)
Completed 200 OK in 62ms (Views: 62.1ms | ActiveRecord: 0.0ms)


Started GET "/assets/application.css?body=1" for 127.0.0.1 at 2013-05-28 17:58:32 +0530
Served asset /application.css - 304 Not Modified (70ms)


Started GET "/assets/jquery.ui.core.css?body=1" for 127.0.0.1 at 2013-05-28 17:58:32 +0530
Served asset /jquery.ui.core.css - 304 Not Modified (0ms)


Started GET "/assets/jquery.ui.theme.css?body=1" for 127.0.0.1 at 2013-05-28 17:58:32 +0530
Served asset /jquery.ui.theme.css - 304 Not Modified (0ms)


Started GET "/assets/jquery.ui.datepicker.css?body=1" for 127.0.0.1 at 2013-05-28 17:58:32 +0530
Served asset /jquery.ui.datepicker.css - 304 Not Modified (0ms)


Started GET "/assets/active_admin.css?body=1" for 127.0.0.1 at 2013-05-28 17:58:32 +0530
Served asset /active_admin.css - 304 Not Modified (12ms)


Started GET "/assets/twitter-bootstrap-static/bootstrap.css?body=1" for 127.0.0.1 at 2013-05-28 17:58:32 +0530
Served asset /twitter-bootstrap-static/bootstrap.css - 304 Not Modified (0ms)


Started GET "/assets/twitter-bootstrap-static/fontawesome.css?body=1" for 127.0.0.1 at 2013-05-28 17:58:32 +0530
Served asset /twitter-bootstrap-static/fontawesome.css - 304 Not Modified (0ms)


Started GET "/assets/bootstrap_and_overrides.css?body=1" for 127.0.0.1 at 2013-05-28 17:58:32 +0530
Served asset /bootstrap_and_overrides.css - 304 Not Modified (1ms)


Started GET "/assets/doctors.css?body=1" for 127.0.0.1 at 2013-05-28 17:58:32 +0530
Served asset /doctors.css - 304 Not Modified (0ms)


Started GET "/assets/pages.css?body=1" for 127.0.0.1 at 2013-05-28 17:58:32 +0530
Served asset /pages.css - 304 Not Modified (0ms)


Started GET "/assets/password_resets.css?body=1" for 127.0.0.1 at 2013-05-28 17:58:32 +0530
Served asset /password_resets.css - 304 Not Modified (0ms)


Started GET "/assets/patients.css?body=1" for 127.0.0.1 at 2013-05-28 17:58:32 +0530
Served asset /patients.css - 304 Not Modified (0ms)


Started GET "/assets/readings.css?body=1" for 127.0.0.1 at 2013-05-28 17:58:32 +0530
Served asset /readings.css - 304 Not Modified (0ms)


Started GET "/assets/sessions.css?body=1" for 127.0.0.1 at 2013-05-28 17:58:32 +0530
Served asset /sessions.css - 304 Not Modified (0ms)


Started GET "/assets/jquery.js?body=1" for 127.0.0.1 at 2013-05-28 17:58:32 +0530
Served asset /jquery.js - 304 Not Modified (1ms)


Started GET "/assets/jquery_ujs.js?body=1" for 127.0.0.1 at 2013-05-28 17:58:32 +0530
Served asset /jquery_ujs.js - 304 Not Modified (0ms)


Started GET "/assets/jquery.ui.core.js?body=1" for 127.0.0.1 at 2013-05-28 17:58:32 +0530
Served asset /jquery.ui.core.js - 304 Not Modified (1ms)


Started GET "/assets/jquery.ui.datepicker.js?body=1" for 127.0.0.1 at 2013-05-28 17:58:32 +0530
Served asset /jquery.ui.datepicker.js - 304 Not Modified (1ms)


Started GET "/assets/twitter/bootstrap/bootstrap-transition.js?body=1" for 127.0.0.1 at 2013-05-28 17:58:32 +0530
Served asset /twitter/bootstrap/bootstrap-transition.js - 304 Not Modified (0ms)


Started GET "/assets/twitter/bootstrap/bootstrap-alert.js?body=1" for 127.0.0.1 at 2013-05-28 17:58:32 +0530
Served asset /twitter/bootstrap/bootstrap-alert.js - 304 Not Modified (0ms)


Started GET "/assets/twitter/bootstrap/bootstrap-modal.js?body=1" for 127.0.0.1 at 2013-05-28 17:58:32 +0530
Served asset /twitter/bootstrap/bootstrap-modal.js - 304 Not Modified (0ms)


Started GET "/assets/twitter/bootstrap/bootstrap-dropdown.js?body=1" for 127.0.0.1 at 2013-05-28 17:58:32 +0530
Served asset /twitter/bootstrap/bootstrap-dropdown.js - 304 Not Modified (0ms)


Started GET "/assets/twitter/bootstrap/bootstrap-scrollspy.js?body=1" for 127.0.0.1 at 2013-05-28 17:58:32 +0530
Served asset /twitter/bootstrap/bootstrap-scrollspy.js - 304 Not Modified (0ms)


Started GET "/assets/twitter/bootstrap/bootstrap-tab.js?body=1" for 127.0.0.1 at 2013-05-28 17:58:32 +0530
Served asset /twitter/bootstrap/bootstrap-tab.js - 304 Not Modified (0ms)


Started GET "/assets/twitter/bootstrap/bootstrap-tooltip.js?body=1" for 127.0.0.1 at 2013-05-28 17:58:32 +0530
Served asset /twitter/bootstrap/bootstrap-tooltip.js - 304 Not Modified (0ms)


Started GET "/assets/twitter/bootstrap/bootstrap-popover.js?body=1" for 127.0.0.1 at 2013-05-28 17:58:32 +0530
Served asset /twitter/bootstrap/bootstrap-popover.js - 304 Not Modified (0ms)


Started GET "/assets/twitter/bootstrap/bootstrap-button.js?body=1" for 127.0.0.1 at 2013-05-28 17:58:32 +0530
Served asset /twitter/bootstrap/bootstrap-button.js - 304 Not Modified (0ms)


Started GET "/assets/twitter/bootstrap/bootstrap-collapse.js?body=1" for 127.0.0.1 at 2013-05-28 17:58:32 +0530
Served asset /twitter/bootstrap/bootstrap-collapse.js - 304 Not Modified (0ms)


Started GET "/assets/twitter/bootstrap/bootstrap-carousel.js?body=1" for 127.0.0.1 at 2013-05-28 17:58:32 +0530
Served asset /twitter/bootstrap/bootstrap-carousel.js - 304 Not Modified (0ms)


Started GET "/assets/twitter/bootstrap/bootstrap-typeahead.js?body=1" for 127.0.0.1 at 2013-05-28 17:58:32 +0530
Served asset /twitter/bootstrap/bootstrap-typeahead.js - 304 Not Modified (0ms)


Started GET "/assets/twitter/bootstrap/bootstrap-affix.js?body=1" for 127.0.0.1 at 2013-05-28 17:58:32 +0530
Served asset /twitter/bootstrap/bootstrap-affix.js - 304 Not Modified (0ms)


Started GET "/assets/twitter/bootstrap.js?body=1" for 127.0.0.1 at 2013-05-28 17:58:32 +0530
Served asset /twitter/bootstrap.js - 304 Not Modified (2ms)


Started GET "/assets/raphael.js?body=1" for 127.0.0.1 at 2013-05-28 17:58:32 +0530
Served asset /raphael.js - 304 Not Modified (0ms)


Started GET "/assets/morris.js?body=1" for 127.0.0.1 at 2013-05-28 17:58:32 +0530
Served asset /morris.js - 304 Not Modified (0ms)


Started GET "/assets/application.js?body=1" for 127.0.0.1 at 2013-05-28 17:58:32 +0530
Served asset /application.js - 304 Not Modified (5ms)


Started GET "/assets/preview.png" for 127.0.0.1 at 2013-05-28 17:58:32 +0530
Served asset /preview.png - 304 Not Modified (0ms)


Started GET "/assets/fontawesome-webfont.woff" for 127.0.0.1 at 2013-05-28 17:58:32 +0530
Served asset /fontawesome-webfont.woff - 304 Not Modified (0ms)


Started GET "/" for 127.0.0.1 at 2013-05-28 18:06:11 +0530
Processing by PagesController#home as HTML
  Rendered pages/home.html.haml within layouts/application (3.9ms)
Completed 200 OK in 51ms (Views: 50.8ms | ActiveRecord: 0.0ms)


Started GET "/" for 127.0.0.1 at 2013-05-28 18:06:11 +0530
Processing by PagesController#home as */*
  Rendered pages/home.html.haml within layouts/application (3.9ms)
Completed 200 OK in 109ms (Views: 108.4ms | ActiveRecord: 0.0ms)


Started GET "/assets/application.css?body=1" for 127.0.0.1 at 2013-05-28 18:06:11 +0530
Served asset /application.css - 304 Not Modified (15ms)


Started GET "/assets/jquery.ui.core.css?body=1" for 127.0.0.1 at 2013-05-28 18:06:11 +0530
Served asset /jquery.ui.core.css - 304 Not Modified (0ms)


Started GET "/assets/jquery.ui.theme.css?body=1" for 127.0.0.1 at 2013-05-28 18:06:11 +0530
Served asset /jquery.ui.theme.css - 304 Not Modified (0ms)


Started GET "/assets/jquery.ui.datepicker.css?body=1" for 127.0.0.1 at 2013-05-28 18:06:11 +0530
Served asset /jquery.ui.datepicker.css - 304 Not Modified (0ms)


Started GET "/assets/active_admin.css?body=1" for 127.0.0.1 at 2013-05-28 18:06:11 +0530
Served asset /active_admin.css - 304 Not Modified (58ms)


Started GET "/assets/twitter-bootstrap-static/bootstrap.css?body=1" for 127.0.0.1 at 2013-05-28 18:06:12 +0530
Served asset /twitter-bootstrap-static/bootstrap.css - 304 Not Modified (0ms)


Started GET "/assets/twitter-bootstrap-static/fontawesome.css?body=1" for 127.0.0.1 at 2013-05-28 18:06:12 +0530
Served asset /twitter-bootstrap-static/fontawesome.css - 304 Not Modified (0ms)


Started GET "/assets/bootstrap_and_overrides.css?body=1" for 127.0.0.1 at 2013-05-28 18:06:12 +0530
Served asset /bootstrap_and_overrides.css - 304 Not Modified (1ms)


Started GET "/assets/doctors.css?body=1" for 127.0.0.1 at 2013-05-28 18:06:12 +0530
Served asset /doctors.css - 304 Not Modified (0ms)


Started GET "/assets/pages.css?body=1" for 127.0.0.1 at 2013-05-28 18:06:12 +0530
Served asset /pages.css - 304 Not Modified (0ms)


Started GET "/assets/password_resets.css?body=1" for 127.0.0.1 at 2013-05-28 18:06:12 +0530
Served asset /password_resets.css - 304 Not Modified (0ms)


Started GET "/assets/patients.css?body=1" for 127.0.0.1 at 2013-05-28 18:06:12 +0530
Served asset /patients.css - 304 Not Modified (0ms)


Started GET "/assets/readings.css?body=1" for 127.0.0.1 at 2013-05-28 18:06:12 +0530
Served asset /readings.css - 304 Not Modified (0ms)


Started GET "/assets/sessions.css?body=1" for 127.0.0.1 at 2013-05-28 18:06:12 +0530
Served asset /sessions.css - 304 Not Modified (0ms)


Started GET "/assets/jquery.js?body=1" for 127.0.0.1 at 2013-05-28 18:06:12 +0530
Served asset /jquery.js - 304 Not Modified (0ms)


Started GET "/assets/jquery_ujs.js?body=1" for 127.0.0.1 at 2013-05-28 18:06:12 +0530
Served asset /jquery_ujs.js - 304 Not Modified (0ms)


Started GET "/assets/jquery.ui.core.js?body=1" for 127.0.0.1 at 2013-05-28 18:06:12 +0530
Served asset /jquery.ui.core.js - 304 Not Modified (1ms)


Started GET "/assets/jquery.ui.datepicker.js?body=1" for 127.0.0.1 at 2013-05-28 18:06:12 +0530
Served asset /jquery.ui.datepicker.js - 304 Not Modified (1ms)


Started GET "/assets/twitter/bootstrap/bootstrap-transition.js?body=1" for 127.0.0.1 at 2013-05-28 18:06:12 +0530
Served asset /twitter/bootstrap/bootstrap-transition.js - 304 Not Modified (0ms)


Started GET "/assets/twitter/bootstrap/bootstrap-alert.js?body=1" for 127.0.0.1 at 2013-05-28 18:06:12 +0530
Served asset /twitter/bootstrap/bootstrap-alert.js - 304 Not Modified (0ms)


Started GET "/assets/twitter/bootstrap/bootstrap-modal.js?body=1" for 127.0.0.1 at 2013-05-28 18:06:12 +0530
Served asset /twitter/bootstrap/bootstrap-modal.js - 304 Not Modified (0ms)


Started GET "/assets/twitter/bootstrap/bootstrap-dropdown.js?body=1" for 127.0.0.1 at 2013-05-28 18:06:12 +0530
Served asset /twitter/bootstrap/bootstrap-dropdown.js - 304 Not Modified (0ms)


Started GET "/assets/twitter/bootstrap/bootstrap-scrollspy.js?body=1" for 127.0.0.1 at 2013-05-28 18:06:12 +0530
Served asset /twitter/bootstrap/bootstrap-scrollspy.js - 304 Not Modified (0ms)


Started GET "/assets/twitter/bootstrap/bootstrap-tab.js?body=1" for 127.0.0.1 at 2013-05-28 18:06:12 +0530
Served asset /twitter/bootstrap/bootstrap-tab.js - 304 Not Modified (0ms)


Started GET "/assets/twitter/bootstrap/bootstrap-tooltip.js?body=1" for 127.0.0.1 at 2013-05-28 18:06:12 +0530
Served asset /twitter/bootstrap/bootstrap-tooltip.js - 304 Not Modified (0ms)


Started GET "/assets/twitter/bootstrap/bootstrap-popover.js?body=1" for 127.0.0.1 at 2013-05-28 18:06:12 +0530
Served asset /twitter/bootstrap/bootstrap-popover.js - 304 Not Modified (0ms)


Started GET "/assets/twitter/bootstrap/bootstrap-button.js?body=1" for 127.0.0.1 at 2013-05-28 18:06:12 +0530
Served asset /twitter/bootstrap/bootstrap-button.js - 304 Not Modified (0ms)


Started GET "/assets/twitter/bootstrap/bootstrap-collapse.js?body=1" for 127.0.0.1 at 2013-05-28 18:06:12 +0530
Served asset /twitter/bootstrap/bootstrap-collapse.js - 304 Not Modified (0ms)


Started GET "/assets/twitter/bootstrap/bootstrap-carousel.js?body=1" for 127.0.0.1 at 2013-05-28 18:06:12 +0530
Served asset /twitter/bootstrap/bootstrap-carousel.js - 304 Not Modified (0ms)


Started GET "/assets/twitter/bootstrap/bootstrap-typeahead.js?body=1" for 127.0.0.1 at 2013-05-28 18:06:12 +0530
Served asset /twitter/bootstrap/bootstrap-typeahead.js - 304 Not Modified (0ms)


Started GET "/assets/twitter/bootstrap/bootstrap-affix.js?body=1" for 127.0.0.1 at 2013-05-28 18:06:12 +0530
Served asset /twitter/bootstrap/bootstrap-affix.js - 304 Not Modified (0ms)


Started GET "/assets/twitter/bootstrap.js?body=1" for 127.0.0.1 at 2013-05-28 18:06:12 +0530
Served asset /twitter/bootstrap.js - 304 Not Modified (2ms)


Started GET "/assets/raphael.js?body=1" for 127.0.0.1 at 2013-05-28 18:06:12 +0530
Served asset /raphael.js - 304 Not Modified (0ms)


Started GET "/assets/morris.js?body=1" for 127.0.0.1 at 2013-05-28 18:06:12 +0530
Served asset /morris.js - 304 Not Modified (0ms)


Started GET "/assets/application.js?body=1" for 127.0.0.1 at 2013-05-28 18:06:12 +0530
Served asset /application.js - 304 Not Modified (5ms)


Started GET "/assets/preview.png" for 127.0.0.1 at 2013-05-28 18:06:12 +0530
Served asset /preview.png - 304 Not Modified (0ms)


Started GET "/assets/fontawesome-webfont.woff" for 127.0.0.1 at 2013-05-28 18:06:12 +0530
Served asset /fontawesome-webfont.woff - 304 Not Modified (0ms)
